<?xml version="1.0" encoding="UTF-8"?>
<!-- Generated by org.testng.reporters.JUnitXMLReporter -->
<testsuite hostname="DESKTOP-4Q9PB5L" ignored="0" name="Test" tests="16" failures="0" timestamp="2020-04-05T17:41:03 BST" time="0.052" errors="0">
  <testcase name="mobiiwdemo1" time="0.007" classname="qaclickacademy.mobile3"/>
  <testcase name="mobiwijdemo1" time="0.0" classname="qaclickacademy.mobile3"/>
  <testcase name="mobiidemo1" time="0.001" classname="qaclickacademy.mobile"/>
  <testcase name="mobiijdemo1" time="0.0" classname="qaclickacademy.mobile"/>
  <testcase name="oppmobdemo1" time="0.0" classname="qaclickacademy.opp"/>
  <testcase name="oppmobjdemo1" time="0.0" classname="qaclickacademy.opp"/>
  <testcase name="selmobdemssrrro1" time="0.001" classname="qaclickacademy.selenium2Test"/>
  <testcase name="selmorrbjdemoss1" time="0.001" classname="qaclickacademy.selenium2Test"/>
  <testcase name="crack" time="0.0" classname="qaclickacademy.strange"/>
  <testcase name="crack2" time="0.0" classname="qaclickacademy.strange"/>
  <testcase name="cracki" time="0.0" classname="qaclickacademy.strange"/>
  <testcase name="selmobdemo1" time="0.0" classname="qaclickacademy.selenium"/>
  <testcase name="selmobjdemo1" time="0.0" classname="qaclickacademy.selenium"/>
  <testcase name="appcrack" time="0.0" classname="qaclickacademy.app"/>
  <testcase name="appcrack2" time="0.001" classname="qaclickacademy.app"/>
  <testcase name="appcrackki" time="0.001" classname="qaclickacademy.app"/>
</testsuite> <!-- Test -->
